TN:
SF:/Users/urij/PhpstormProjects/javascript-loftschool/homework1/src/index.js
FN:8,(anonymous_0)
FN:17,(anonymous_1)
FN:25,returnArgumentsArray
FN:38,(anonymous_3)
FN:47,(anonymous_4)
FN:49,(anonymous_5)
FN:60,bindFunction
FN:63,(anonymous_7)
FNF:8
FNH:8
FNDA:1,(anonymous_0)
FNDA:2,(anonymous_1)
FNDA:2,returnArgumentsArray
FNDA:1,(anonymous_3)
FNDA:3,(anonymous_4)
FNDA:6,(anonymous_5)
FNDA:2,bindFunction
FNDA:1,(anonymous_7)
DA:8,1
DA:17,2
DA:26,2
DA:27,2
DA:28,3
DA:30,2
DA:38,1
DA:47,1
DA:48,3
DA:49,3
DA:50,6
DA:61,2
DA:62,2
DA:63,2
DA:64,1
LF:15
LH:15
BRDA:17,0,0,2
BRDA:17,0,1,1
BRDA:48,1,0,3
BRDA:48,1,1,2
BRF:4
BRH:4
end_of_record
